2025-06-13 13:24:58,797 - IntegratedPipeline - INFO - Initialized Integrated Pipeline in quick mode
2025-06-13 13:24:58,797 - IntegratedPipeline - INFO - Output directory: /Users/ataberk/Desktop/graduation_project/outputs/pipeline_run_quick_20250613_132458
2025-06-13 13:24:58,797 - IntegratedPipeline - INFO - 🚀 STARTING INTEGRATED SCHEDULE OPTIMIZATION PIPELINE
2025-06-13 13:24:58,798 - IntegratedPipeline - INFO - Mode: QUICK
2025-06-13 13:24:58,798 - IntegratedPipeline - INFO - Start time: 2025-06-13 13:24:58
2025-06-13 13:24:58,798 - IntegratedPipeline - INFO - ================================================================================
2025-06-13 13:24:58,798 - IntegratedPipeline - INFO - 📋 OPTIMIZED CONFIGURATION SUMMARY - QUICK MODE
2025-06-13 13:24:58,798 - IntegratedPipeline - INFO - ================================================================================
2025-06-13 13:24:58,798 - IntegratedPipeline - INFO - 🚌 SIMULATION PARAMETERS:
2025-06-13 13:24:58,798 - IntegratedPipeline - INFO -   • Time Period: 2025-06-01 to 2025-06-07
2025-06-13 13:24:58,798 - IntegratedPipeline - INFO -   • Time Resolution: 15 minutes
2025-06-13 13:24:58,798 - IntegratedPipeline - INFO -   • Buses per Line: 6
2025-06-13 13:24:58,798 - IntegratedPipeline - INFO -   • Passenger Generation Rate: 1.0
2025-06-13 13:24:58,798 - IntegratedPipeline - INFO -   • Route Complexity: medium
2025-06-13 13:24:58,798 - IntegratedPipeline - INFO -   • Weather Effects: False
2025-06-13 13:24:58,798 - IntegratedPipeline - INFO -   • Seasonal Patterns: False
2025-06-13 13:24:58,798 - IntegratedPipeline - INFO - 
🧬 OPTIMIZATION PARAMETERS:
2025-06-13 13:24:58,798 - IntegratedPipeline - INFO -   • Optimization Period: 1 days
2025-06-13 13:24:58,798 - IntegratedPipeline - INFO -   • Generations: 30
2025-06-13 13:24:58,798 - IntegratedPipeline - INFO -   • Population Size: 30
2025-06-13 13:24:58,798 - IntegratedPipeline - INFO -   • Mutation Rate: 0.12
2025-06-13 13:24:58,798 - IntegratedPipeline - INFO -   • Crossover Rate: 0.75
2025-06-13 13:24:58,798 - IntegratedPipeline - INFO -   • Elite Solutions: 3
2025-06-13 13:24:58,798 - IntegratedPipeline - INFO -   • Tournament Size: 3
2025-06-13 13:24:58,798 - IntegratedPipeline - INFO - 
🔮 PREDICTION PARAMETERS:
2025-06-13 13:24:58,798 - IntegratedPipeline - INFO -   • Prediction Period: 1 days
2025-06-13 13:24:58,798 - IntegratedPipeline - INFO -   • Prediction Horizon: 24 hours
2025-06-13 13:24:58,798 - IntegratedPipeline - INFO -   • LSTM Architecture: [64, 32]
2025-06-13 13:24:58,798 - IntegratedPipeline - INFO -   • LSTM Epochs: 50
2025-06-13 13:24:58,798 - IntegratedPipeline - INFO -   • Sequence Length: 72 hours
2025-06-13 13:24:58,798 - IntegratedPipeline - INFO -   • Prophet Seasonality: additive
2025-06-13 13:24:58,798 - IntegratedPipeline - INFO -   • Yearly Seasonality: False
2025-06-13 13:24:58,798 - IntegratedPipeline - INFO - 
📊 EVALUATION PARAMETERS:
2025-06-13 13:24:58,798 - IntegratedPipeline - INFO -   • Statistical Tests: ['t_test']
2025-06-13 13:24:58,798 - IntegratedPipeline - INFO -   • Confidence Level: 0.9
2025-06-13 13:24:58,798 - IntegratedPipeline - INFO -   • Bootstrap Samples: 1,000
2025-06-13 13:24:58,799 - IntegratedPipeline - INFO -   • Visualization Detail: medium
2025-06-13 13:24:58,799 - IntegratedPipeline - INFO -   • Constraint Validation: standard
2025-06-13 13:24:58,799 - IntegratedPipeline - INFO - 
⏱️  PERFORMANCE EXPECTATIONS:
2025-06-13 13:24:58,799 - IntegratedPipeline - INFO -   • Execution Time: 15-45 minutes
2025-06-13 13:24:58,799 - IntegratedPipeline - INFO -   • Memory Usage: 2-4 GB RAM
2025-06-13 13:24:58,799 - IntegratedPipeline - INFO -   • Disk Space: ~500 MB for results
2025-06-13 13:24:58,799 - IntegratedPipeline - INFO -   • Accuracy: High (suitable for testing/validation)
2025-06-13 13:24:58,799 - IntegratedPipeline - INFO -   • Simulation Records: ~95,000 passenger flows
2025-06-13 13:24:58,799 - IntegratedPipeline - INFO - ================================================================================
2025-06-13 13:24:58,799 - IntegratedPipeline - INFO - ================================================================================
2025-06-13 13:24:58,799 - IntegratedPipeline - INFO - STEP 1: RUNNING BUS SIMULATION PIPELINE
2025-06-13 13:24:58,799 - IntegratedPipeline - INFO - ================================================================================
2025-06-13 13:24:58,800 - IntegratedPipeline - ERROR - ❌ Simulation pipeline failed: No module named 'core'
2025-06-13 13:24:58,803 - IntegratedPipeline - ERROR - Traceback: Traceback (most recent call last):
  File "/Users/ataberk/Desktop/graduation_project/main_pipeline/integrated_pipeline.py", line 297, in run_simulation_pipeline
    from core.simulation_engine import SimulationEngine
ModuleNotFoundError: No module named 'core'

2025-06-13 13:24:58,803 - IntegratedPipeline - INFO - ================================================================================
2025-06-13 13:24:58,803 - IntegratedPipeline - INFO - ❌ PIPELINE FAILED!
2025-06-13 13:24:58,803 - IntegratedPipeline - INFO - Total duration: 0:00:00.005358
2025-06-13 13:24:58,803 - IntegratedPipeline - INFO - Output directory: /Users/ataberk/Desktop/graduation_project/outputs/pipeline_run_quick_20250613_132458
2025-06-13 13:24:58,803 - IntegratedPipeline - INFO - ================================================================================
