2025-06-13 01:50:30,706 - IntegratedPipeline - INFO - Initialized Integrated Pipeline in quick mode
2025-06-13 01:50:30,706 - IntegratedPipeline - INFO - Output directory: /Users/umutulasbalci/Desktop/Python/Senior Project/schedule_optimization_project/test_enhanced_config
2025-06-13 01:50:30,706 - IntegratedPipeline - INFO - 🚀 STARTING INTEGRATED SCHEDULE OPTIMIZATION PIPELINE
2025-06-13 01:50:30,706 - IntegratedPipeline - INFO - Mode: QUICK
2025-06-13 01:50:30,707 - IntegratedPipeline - INFO - Start time: 2025-06-13 01:50:30
2025-06-13 01:50:30,707 - IntegratedPipeline - INFO - ================================================================================
2025-06-13 01:50:30,707 - IntegratedPipeline - INFO - 📋 OPTIMIZED CONFIGURATION SUMMARY - QUICK MODE
2025-06-13 01:50:30,707 - IntegratedPipeline - INFO - ================================================================================
2025-06-13 01:50:30,707 - IntegratedPipeline - INFO - 🚌 SIMULATION PARAMETERS:
2025-06-13 01:50:30,707 - IntegratedPipeline - INFO -   • Time Period: 2025-06-01 to 2025-06-07
2025-06-13 01:50:30,707 - IntegratedPipeline - INFO -   • Time Resolution: 15 minutes
2025-06-13 01:50:30,707 - IntegratedPipeline - INFO -   • Buses per Line: 6
2025-06-13 01:50:30,707 - IntegratedPipeline - INFO -   • Passenger Generation Rate: 1.0
2025-06-13 01:50:30,707 - IntegratedPipeline - INFO -   • Route Complexity: medium
2025-06-13 01:50:30,707 - IntegratedPipeline - INFO -   • Weather Effects: False
2025-06-13 01:50:30,707 - IntegratedPipeline - INFO -   • Seasonal Patterns: False
2025-06-13 01:50:30,707 - IntegratedPipeline - INFO - 
🧬 OPTIMIZATION PARAMETERS:
2025-06-13 01:50:30,707 - IntegratedPipeline - INFO -   • Optimization Period: 1 days
2025-06-13 01:50:30,707 - IntegratedPipeline - INFO -   • Generations: 30
2025-06-13 01:50:30,707 - IntegratedPipeline - INFO -   • Population Size: 30
2025-06-13 01:50:30,707 - IntegratedPipeline - INFO -   • Mutation Rate: 0.12
2025-06-13 01:50:30,707 - IntegratedPipeline - INFO -   • Crossover Rate: 0.75
2025-06-13 01:50:30,707 - IntegratedPipeline - INFO -   • Elite Solutions: 3
2025-06-13 01:50:30,707 - IntegratedPipeline - INFO -   • Tournament Size: 3
2025-06-13 01:50:30,707 - IntegratedPipeline - INFO - 
🔮 PREDICTION PARAMETERS:
2025-06-13 01:50:30,707 - IntegratedPipeline - INFO -   • Prediction Period: 1 days
2025-06-13 01:50:30,707 - IntegratedPipeline - INFO -   • Prediction Horizon: 24 hours
2025-06-13 01:50:30,707 - IntegratedPipeline - INFO -   • LSTM Architecture: [64, 32]
2025-06-13 01:50:30,707 - IntegratedPipeline - INFO -   • LSTM Epochs: 50
2025-06-13 01:50:30,707 - IntegratedPipeline - INFO -   • Sequence Length: 72 hours
2025-06-13 01:50:30,707 - IntegratedPipeline - INFO -   • Prophet Seasonality: additive
2025-06-13 01:50:30,707 - IntegratedPipeline - INFO -   • Yearly Seasonality: False
2025-06-13 01:50:30,707 - IntegratedPipeline - INFO - 
📊 EVALUATION PARAMETERS:
2025-06-13 01:50:30,707 - IntegratedPipeline - INFO -   • Statistical Tests: ['t_test']
2025-06-13 01:50:30,707 - IntegratedPipeline - INFO -   • Confidence Level: 0.9
2025-06-13 01:50:30,707 - IntegratedPipeline - INFO -   • Bootstrap Samples: 1,000
2025-06-13 01:50:30,707 - IntegratedPipeline - INFO -   • Visualization Detail: medium
2025-06-13 01:50:30,707 - IntegratedPipeline - INFO -   • Constraint Validation: standard
2025-06-13 01:50:30,707 - IntegratedPipeline - INFO - 
⏱️  PERFORMANCE EXPECTATIONS:
2025-06-13 01:50:30,707 - IntegratedPipeline - INFO -   • Execution Time: 15-45 minutes
2025-06-13 01:50:30,707 - IntegratedPipeline - INFO -   • Memory Usage: 2-4 GB RAM
2025-06-13 01:50:30,707 - IntegratedPipeline - INFO -   • Disk Space: ~500 MB for results
2025-06-13 01:50:30,707 - IntegratedPipeline - INFO -   • Accuracy: High (suitable for testing/validation)
2025-06-13 01:50:30,707 - IntegratedPipeline - INFO -   • Simulation Records: ~95,000 passenger flows
2025-06-13 01:50:30,707 - IntegratedPipeline - INFO - ================================================================================
2025-06-13 01:50:30,708 - IntegratedPipeline - INFO - 
🔄 PIPELINE EXECUTION STEPS:
2025-06-13 01:50:30,708 - IntegratedPipeline - INFO -   1. 🚌 Bus Simulation Pipeline - Generate baseline data
2025-06-13 01:50:30,708 - IntegratedPipeline - INFO -   2. 🔮 Bus Prediction Pipeline - Create ML predictions
2025-06-13 01:50:30,708 - IntegratedPipeline - INFO -   3. 🧬 Bus Optimization Pipeline - Genetic algorithm optimization
2025-06-13 01:50:30,708 - IntegratedPipeline - INFO -   4. 📊 Bus Evaluation Pipeline - Comprehensive analysis
2025-06-13 01:50:30,708 - IntegratedPipeline - INFO - 
⏳ Pipeline implementation in progress...
2025-06-13 01:50:30,708 - IntegratedPipeline - INFO - ================================================================================
2025-06-13 01:50:30,708 - IntegratedPipeline - INFO - 🎉 PIPELINE COMPLETED!
2025-06-13 01:50:30,708 - IntegratedPipeline - INFO - Total duration: 0:00:00.001304
2025-06-13 01:50:30,708 - IntegratedPipeline - INFO - Output directory: /Users/umutulasbalci/Desktop/Python/Senior Project/schedule_optimization_project/test_enhanced_config
2025-06-13 01:50:30,708 - IntegratedPipeline - INFO - ================================================================================
