2025-06-13 02:03:19,337 - IntegratedPipeline - INFO - Initialized Integrated Pipeline in quick mode
2025-06-13 02:03:19,337 - IntegratedPipeline - INFO - Output directory: /Users/umutulasbalci/Desktop/Python/Senior Project/schedule_optimization_project/outputs/pipeline_run_quick_20250613_020319
2025-06-13 02:03:19,337 - IntegratedPipeline - INFO - 🚀 STARTING INTEGRATED SCHEDULE OPTIMIZATION PIPELINE
2025-06-13 02:03:19,337 - IntegratedPipeline - INFO - Mode: QUICK
2025-06-13 02:03:19,337 - IntegratedPipeline - INFO - Start time: 2025-06-13 02:03:19
2025-06-13 02:03:19,337 - IntegratedPipeline - INFO - ================================================================================
2025-06-13 02:03:19,337 - IntegratedPipeline - INFO - 📋 OPTIMIZED CONFIGURATION SUMMARY - QUICK MODE
2025-06-13 02:03:19,337 - IntegratedPipeline - INFO - ================================================================================
2025-06-13 02:03:19,337 - IntegratedPipeline - INFO - 🚌 SIMULATION PARAMETERS:
2025-06-13 02:03:19,337 - IntegratedPipeline - INFO -   • Time Period: 2025-06-01 to 2025-06-07
2025-06-13 02:03:19,337 - IntegratedPipeline - INFO -   • Time Resolution: 15 minutes
2025-06-13 02:03:19,337 - IntegratedPipeline - INFO -   • Buses per Line: 6
2025-06-13 02:03:19,337 - IntegratedPipeline - INFO -   • Passenger Generation Rate: 1.0
2025-06-13 02:03:19,337 - IntegratedPipeline - INFO -   • Route Complexity: medium
2025-06-13 02:03:19,337 - IntegratedPipeline - INFO -   • Weather Effects: False
2025-06-13 02:03:19,337 - IntegratedPipeline - INFO -   • Seasonal Patterns: False
2025-06-13 02:03:19,337 - IntegratedPipeline - INFO - 
🧬 OPTIMIZATION PARAMETERS:
2025-06-13 02:03:19,337 - IntegratedPipeline - INFO -   • Optimization Period: 1 days
2025-06-13 02:03:19,337 - IntegratedPipeline - INFO -   • Generations: 30
2025-06-13 02:03:19,337 - IntegratedPipeline - INFO -   • Population Size: 30
2025-06-13 02:03:19,337 - IntegratedPipeline - INFO -   • Mutation Rate: 0.12
2025-06-13 02:03:19,338 - IntegratedPipeline - INFO -   • Crossover Rate: 0.75
2025-06-13 02:03:19,338 - IntegratedPipeline - INFO -   • Elite Solutions: 3
2025-06-13 02:03:19,338 - IntegratedPipeline - INFO -   • Tournament Size: 3
2025-06-13 02:03:19,338 - IntegratedPipeline - INFO - 
🔮 PREDICTION PARAMETERS:
2025-06-13 02:03:19,338 - IntegratedPipeline - INFO -   • Prediction Period: 1 days
2025-06-13 02:03:19,338 - IntegratedPipeline - INFO -   • Prediction Horizon: 24 hours
2025-06-13 02:03:19,338 - IntegratedPipeline - INFO -   • LSTM Architecture: [64, 32]
2025-06-13 02:03:19,338 - IntegratedPipeline - INFO -   • LSTM Epochs: 50
2025-06-13 02:03:19,338 - IntegratedPipeline - INFO -   • Sequence Length: 72 hours
2025-06-13 02:03:19,338 - IntegratedPipeline - INFO -   • Prophet Seasonality: additive
2025-06-13 02:03:19,338 - IntegratedPipeline - INFO -   • Yearly Seasonality: False
2025-06-13 02:03:19,338 - IntegratedPipeline - INFO - 
📊 EVALUATION PARAMETERS:
2025-06-13 02:03:19,338 - IntegratedPipeline - INFO -   • Statistical Tests: ['t_test']
2025-06-13 02:03:19,338 - IntegratedPipeline - INFO -   • Confidence Level: 0.9
2025-06-13 02:03:19,338 - IntegratedPipeline - INFO -   • Bootstrap Samples: 1,000
2025-06-13 02:03:19,338 - IntegratedPipeline - INFO -   • Visualization Detail: medium
2025-06-13 02:03:19,338 - IntegratedPipeline - INFO -   • Constraint Validation: standard
2025-06-13 02:03:19,338 - IntegratedPipeline - INFO - 
⏱️  PERFORMANCE EXPECTATIONS:
2025-06-13 02:03:19,338 - IntegratedPipeline - INFO -   • Execution Time: 15-45 minutes
2025-06-13 02:03:19,338 - IntegratedPipeline - INFO -   • Memory Usage: 2-4 GB RAM
2025-06-13 02:03:19,338 - IntegratedPipeline - INFO -   • Disk Space: ~500 MB for results
2025-06-13 02:03:19,338 - IntegratedPipeline - INFO -   • Accuracy: High (suitable for testing/validation)
2025-06-13 02:03:19,338 - IntegratedPipeline - INFO -   • Simulation Records: ~95,000 passenger flows
2025-06-13 02:03:19,338 - IntegratedPipeline - INFO - ================================================================================
2025-06-13 02:03:19,338 - IntegratedPipeline - INFO - ================================================================================
2025-06-13 02:03:19,338 - IntegratedPipeline - INFO - STEP 1: RUNNING BUS SIMULATION PIPELINE
2025-06-13 02:03:19,338 - IntegratedPipeline - INFO - ================================================================================
2025-06-13 02:03:19,852 - numexpr.utils - INFO - NumExpr defaulting to 8 threads.
2025-06-13 02:03:20,045 - IntegratedPipeline - INFO - Initializing simulation with parameters:
2025-06-13 02:03:20,045 - IntegratedPipeline - INFO -   - Period: 2025-06-01 to 2025-06-07
2025-06-13 02:03:20,045 - IntegratedPipeline - INFO -   - Time step: 15 minutes
2025-06-13 02:03:20,045 - IntegratedPipeline - INFO -   - Buses per line: 6
2025-06-13 02:03:20,046 - IntegratedPipeline - INFO - Loading bus stops data...
2025-06-13 02:03:20,068 - IntegratedPipeline - INFO - Setting up simulation...
2025-06-13 02:03:20,194 - IntegratedPipeline - INFO - Starting simulation execution...
2025-06-13 02:04:36,123 - IntegratedPipeline - INFO - Saved 61,019 passenger flow records
2025-06-13 02:04:36,195 - IntegratedPipeline - INFO - Saved 24,025 bus position records
2025-06-13 02:04:36,195 - IntegratedPipeline - INFO - ✅ Simulation pipeline completed successfully
2025-06-13 02:04:36,207 - IntegratedPipeline - INFO - ================================================================================
2025-06-13 02:04:36,207 - IntegratedPipeline - INFO - STEP 2: RUNNING BUS PREDICTION PIPELINE
2025-06-13 02:04:36,207 - IntegratedPipeline - INFO - ================================================================================
2025-06-13 02:04:40,401 - IntegratedPipeline - INFO - Initializing prediction with parameters:
2025-06-13 02:04:40,401 - IntegratedPipeline - INFO -   - LSTM architecture: [64, 32]
2025-06-13 02:04:40,401 - IntegratedPipeline - INFO -   - Training epochs: 50
2025-06-13 02:04:40,401 - IntegratedPipeline - INFO -   - Prediction horizon: 24 hours
2025-06-13 02:04:40,406 - IntegratedPipeline - INFO - Loading simulation data from: /Users/umutulasbalci/Desktop/Python/Senior Project/schedule_optimization_project/outputs/pipeline_run_quick_20250613_020319/simulation_results/passenger_flow_results.csv
2025-06-13 02:04:40,406 - IntegratedPipeline - INFO - Loading historical data for training...
2025-06-13 02:04:40,406 - IntegratedPipeline - ERROR - ❌ Prediction pipeline failed: name 'pd' is not defined
2025-06-13 02:04:40,407 - IntegratedPipeline - ERROR - Traceback: Traceback (most recent call last):
  File "/Users/umutulasbalci/Desktop/Python/Senior Project/schedule_optimization_project/main_pipeline/integrated_pipeline.py", line 416, in run_prediction_pipeline
    historical_df = pd.read_csv(str(self.simulation_results['passenger_flow']))
                    ^^
NameError: name 'pd' is not defined

2025-06-13 02:04:40,407 - IntegratedPipeline - INFO - ================================================================================
2025-06-13 02:04:40,407 - IntegratedPipeline - INFO - ❌ PIPELINE FAILED!
2025-06-13 02:04:40,407 - IntegratedPipeline - INFO - Total duration: 0:01:21.070312
2025-06-13 02:04:40,407 - IntegratedPipeline - INFO - Output directory: /Users/umutulasbalci/Desktop/Python/Senior Project/schedule_optimization_project/outputs/pipeline_run_quick_20250613_020319
2025-06-13 02:04:40,407 - IntegratedPipeline - INFO - ================================================================================
