2025-06-13 02:27:03,236 - IntegratedPipeline - INFO - Initialized Integrated Pipeline in quick mode
2025-06-13 02:27:03,236 - IntegratedPipeline - INFO - Output directory: /Users/umutulasbalci/Desktop/Python/Senior Project/schedule_optimization_project/outputs/pipeline_run_quick_20250613_022703
2025-06-13 02:27:03,236 - IntegratedPipeline - INFO - 🚀 STARTING INTEGRATED SCHEDULE OPTIMIZATION PIPELINE
2025-06-13 02:27:03,236 - IntegratedPipeline - INFO - Mode: QUICK
2025-06-13 02:27:03,236 - IntegratedPipeline - INFO - Start time: 2025-06-13 02:27:03
2025-06-13 02:27:03,236 - IntegratedPipeline - INFO - ================================================================================
2025-06-13 02:27:03,236 - IntegratedPipeline - INFO - 📋 OPTIMIZED CONFIGURATION SUMMARY - QUICK MODE
2025-06-13 02:27:03,236 - IntegratedPipeline - INFO - ================================================================================
2025-06-13 02:27:03,236 - IntegratedPipeline - INFO - 🚌 SIMULATION PARAMETERS:
2025-06-13 02:27:03,236 - IntegratedPipeline - INFO -   • Time Period: 2025-06-01 to 2025-06-07
2025-06-13 02:27:03,236 - IntegratedPipeline - INFO -   • Time Resolution: 15 minutes
2025-06-13 02:27:03,236 - IntegratedPipeline - INFO -   • Buses per Line: 6
2025-06-13 02:27:03,236 - IntegratedPipeline - INFO -   • Passenger Generation Rate: 1.0
2025-06-13 02:27:03,236 - IntegratedPipeline - INFO -   • Route Complexity: medium
2025-06-13 02:27:03,236 - IntegratedPipeline - INFO -   • Weather Effects: False
2025-06-13 02:27:03,236 - IntegratedPipeline - INFO -   • Seasonal Patterns: False
2025-06-13 02:27:03,236 - IntegratedPipeline - INFO - 
🧬 OPTIMIZATION PARAMETERS:
2025-06-13 02:27:03,236 - IntegratedPipeline - INFO -   • Optimization Period: 1 days
2025-06-13 02:27:03,236 - IntegratedPipeline - INFO -   • Generations: 30
2025-06-13 02:27:03,236 - IntegratedPipeline - INFO -   • Population Size: 30
2025-06-13 02:27:03,236 - IntegratedPipeline - INFO -   • Mutation Rate: 0.12
2025-06-13 02:27:03,236 - IntegratedPipeline - INFO -   • Crossover Rate: 0.75
2025-06-13 02:27:03,236 - IntegratedPipeline - INFO -   • Elite Solutions: 3
2025-06-13 02:27:03,236 - IntegratedPipeline - INFO -   • Tournament Size: 3
2025-06-13 02:27:03,236 - IntegratedPipeline - INFO - 
🔮 PREDICTION PARAMETERS:
2025-06-13 02:27:03,236 - IntegratedPipeline - INFO -   • Prediction Period: 1 days
2025-06-13 02:27:03,237 - IntegratedPipeline - INFO -   • Prediction Horizon: 24 hours
2025-06-13 02:27:03,237 - IntegratedPipeline - INFO -   • LSTM Architecture: [64, 32]
2025-06-13 02:27:03,237 - IntegratedPipeline - INFO -   • LSTM Epochs: 50
2025-06-13 02:27:03,237 - IntegratedPipeline - INFO -   • Sequence Length: 72 hours
2025-06-13 02:27:03,237 - IntegratedPipeline - INFO -   • Prophet Seasonality: additive
2025-06-13 02:27:03,237 - IntegratedPipeline - INFO -   • Yearly Seasonality: False
2025-06-13 02:27:03,237 - IntegratedPipeline - INFO - 
📊 EVALUATION PARAMETERS:
2025-06-13 02:27:03,237 - IntegratedPipeline - INFO -   • Statistical Tests: ['t_test']
2025-06-13 02:27:03,237 - IntegratedPipeline - INFO -   • Confidence Level: 0.9
2025-06-13 02:27:03,237 - IntegratedPipeline - INFO -   • Bootstrap Samples: 1,000
2025-06-13 02:27:03,237 - IntegratedPipeline - INFO -   • Visualization Detail: medium
2025-06-13 02:27:03,237 - IntegratedPipeline - INFO -   • Constraint Validation: standard
2025-06-13 02:27:03,237 - IntegratedPipeline - INFO - 
⏱️  PERFORMANCE EXPECTATIONS:
2025-06-13 02:27:03,237 - IntegratedPipeline - INFO -   • Execution Time: 15-45 minutes
2025-06-13 02:27:03,237 - IntegratedPipeline - INFO -   • Memory Usage: 2-4 GB RAM
2025-06-13 02:27:03,237 - IntegratedPipeline - INFO -   • Disk Space: ~500 MB for results
2025-06-13 02:27:03,237 - IntegratedPipeline - INFO -   • Accuracy: High (suitable for testing/validation)
2025-06-13 02:27:03,237 - IntegratedPipeline - INFO -   • Simulation Records: ~95,000 passenger flows
2025-06-13 02:27:03,237 - IntegratedPipeline - INFO - ================================================================================
2025-06-13 02:27:03,237 - IntegratedPipeline - INFO - ================================================================================
2025-06-13 02:27:03,237 - IntegratedPipeline - INFO - STEP 1: RUNNING BUS SIMULATION PIPELINE
2025-06-13 02:27:03,237 - IntegratedPipeline - INFO - ================================================================================
2025-06-13 02:27:03,660 - numexpr.utils - INFO - NumExpr defaulting to 8 threads.
2025-06-13 02:27:03,856 - IntegratedPipeline - INFO - Initializing simulation with parameters:
2025-06-13 02:27:03,856 - IntegratedPipeline - INFO -   - Period: 2025-06-01 to 2025-06-07
2025-06-13 02:27:03,856 - IntegratedPipeline - INFO -   - Time step: 15 minutes
2025-06-13 02:27:03,856 - IntegratedPipeline - INFO -   - Buses per line: 6
2025-06-13 02:27:03,857 - IntegratedPipeline - INFO - Loading bus stops data...
2025-06-13 02:27:03,876 - IntegratedPipeline - INFO - Setting up simulation...
2025-06-13 02:27:04,000 - IntegratedPipeline - INFO - Starting simulation execution...
2025-06-13 02:28:15,605 - IntegratedPipeline - INFO - Saved 61,019 passenger flow records
2025-06-13 02:28:15,677 - IntegratedPipeline - INFO - Saved 24,025 bus position records
2025-06-13 02:28:15,677 - IntegratedPipeline - INFO - ✅ Simulation pipeline completed successfully
2025-06-13 02:28:15,687 - IntegratedPipeline - INFO - ================================================================================
2025-06-13 02:28:15,687 - IntegratedPipeline - INFO - STEP 2: RUNNING BUS OPTIMIZATION PIPELINE
2025-06-13 02:28:15,687 - IntegratedPipeline - INFO - ================================================================================
2025-06-13 02:28:17,014 - IntegratedPipeline - INFO - Initializing optimization with parameters:
2025-06-13 02:28:17,014 - IntegratedPipeline - INFO -   - Generations: 30
2025-06-13 02:28:17,014 - IntegratedPipeline - INFO -   - Population size: 30
2025-06-13 02:28:17,014 - IntegratedPipeline - INFO -   - Mutation rate: 0.12
2025-06-13 02:28:17,014 - IntegratedPipeline - INFO -   - Crossover rate: 0.75
2025-06-13 02:28:17,073 - IntegratedPipeline - INFO - Running optimization for date: 2025-06-02
2025-06-13 02:28:17,074 - IntegratedPipeline - INFO - Optimizing line 101...
2025-06-13 02:29:43,307 - IntegratedPipeline - INFO - Optimizing line 101-1...
2025-06-13 02:31:09,242 - IntegratedPipeline - INFO - Generated 67 optimized schedule entries for 2 lines
2025-06-13 02:31:09,242 - IntegratedPipeline - INFO - Average fitness score: 0.8124
2025-06-13 02:31:09,242 - IntegratedPipeline - INFO - Converting optimized schedules to passenger flow format...
2025-06-13 02:31:09,243 - IntegratedPipeline - INFO - Converting optimized schedules to passenger flow format...
2025-06-13 02:31:09,244 - IntegratedPipeline - ERROR - Failed to convert schedules to passenger flow format: No module named 'core.transit_network'
2025-06-13 02:31:09,246 - IntegratedPipeline - ERROR - Traceback: Traceback (most recent call last):
  File "/Users/umutulasbalci/Desktop/Python/Senior Project/schedule_optimization_project/main_pipeline/integrated_pipeline.py", line 595, in _convert_schedules_to_passenger_flow
    generator = OptimizedPassengerFlowGenerator(stops_file, self.project_root)
                ^^^^^^^^^^^^^^^^^^^^^^^^^^^^^^^^^^^^^^^^^^^^^^^^^^^^^^^^^^^^^^
  File "/Users/umutulasbalci/Desktop/Python/Senior Project/schedule_optimization_project/main_pipeline/optimized_passenger_flow_generator.py", line 32, in __init__
    from core.transit_network import TransitNetwork
ModuleNotFoundError: No module named 'core.transit_network'

2025-06-13 02:31:09,246 - IntegratedPipeline - INFO - ✅ Optimization pipeline completed successfully
2025-06-13 02:31:09,248 - IntegratedPipeline - INFO - ================================================================================
2025-06-13 02:31:09,248 - IntegratedPipeline - INFO - STEP 3: RUNNING BUS PREDICTION PIPELINE
2025-06-13 02:31:09,248 - IntegratedPipeline - INFO - ================================================================================
2025-06-13 02:31:12,569 - IntegratedPipeline - INFO - Initializing prediction with parameters:
2025-06-13 02:31:12,569 - IntegratedPipeline - INFO -   - LSTM architecture: [64, 32]
2025-06-13 02:31:12,569 - IntegratedPipeline - INFO -   - Training epochs: 50
2025-06-13 02:31:12,569 - IntegratedPipeline - INFO -   - Prediction horizon: 24 hours
2025-06-13 02:31:12,574 - IntegratedPipeline - INFO - Loading simulation data for training from: /Users/umutulasbalci/Desktop/Python/Senior Project/schedule_optimization_project/outputs/pipeline_run_quick_20250613_022703/simulation_results/passenger_flow_results.csv
2025-06-13 02:31:12,574 - IntegratedPipeline - ERROR - ❌ Prediction pipeline failed: Optimized schedule data in passenger flow format not available
2025-06-13 02:31:12,574 - IntegratedPipeline - ERROR - Traceback: Traceback (most recent call last):
  File "/Users/umutulasbalci/Desktop/Python/Senior Project/schedule_optimization_project/main_pipeline/integrated_pipeline.py", line 411, in run_prediction_pipeline
    raise Exception("Optimized schedule data in passenger flow format not available")
Exception: Optimized schedule data in passenger flow format not available

2025-06-13 02:31:12,574 - IntegratedPipeline - INFO - ================================================================================
2025-06-13 02:31:12,574 - IntegratedPipeline - INFO - ❌ PIPELINE FAILED!
2025-06-13 02:31:12,574 - IntegratedPipeline - INFO - Total duration: 0:04:09.338425
2025-06-13 02:31:12,574 - IntegratedPipeline - INFO - Output directory: /Users/umutulasbalci/Desktop/Python/Senior Project/schedule_optimization_project/outputs/pipeline_run_quick_20250613_022703
2025-06-13 02:31:12,574 - IntegratedPipeline - INFO - ================================================================================
