2025-06-13 02:25:18,885 - IntegratedPipeline - INFO - Initialized Integrated Pipeline in quick mode
2025-06-13 02:25:18,885 - IntegratedPipeline - INFO - Output directory: /Users/umutulasbalci/Desktop/Python/Senior Project/schedule_optimization_project/outputs/pipeline_run_quick_20250613_022518
2025-06-13 02:25:18,885 - IntegratedPipeline - INFO - 🚀 STARTING INTEGRATED SCHEDULE OPTIMIZATION PIPELINE
2025-06-13 02:25:18,885 - IntegratedPipeline - INFO - Mode: QUICK
2025-06-13 02:25:18,885 - IntegratedPipeline - INFO - Start time: 2025-06-13 02:25:18
2025-06-13 02:25:18,886 - IntegratedPipeline - INFO - ================================================================================
2025-06-13 02:25:18,886 - IntegratedPipeline - INFO - 📋 OPTIMIZED CONFIGURATION SUMMARY - QUICK MODE
2025-06-13 02:25:18,886 - IntegratedPipeline - INFO - ================================================================================
2025-06-13 02:25:18,886 - IntegratedPipeline - INFO - 🚌 SIMULATION PARAMETERS:
2025-06-13 02:25:18,886 - IntegratedPipeline - INFO -   • Time Period: 2025-06-01 to 2025-06-07
2025-06-13 02:25:18,886 - IntegratedPipeline - INFO -   • Time Resolution: 15 minutes
2025-06-13 02:25:18,886 - IntegratedPipeline - INFO -   • Buses per Line: 6
2025-06-13 02:25:18,886 - IntegratedPipeline - INFO -   • Passenger Generation Rate: 1.0
2025-06-13 02:25:18,886 - IntegratedPipeline - INFO -   • Route Complexity: medium
2025-06-13 02:25:18,886 - IntegratedPipeline - INFO -   • Weather Effects: False
2025-06-13 02:25:18,886 - IntegratedPipeline - INFO -   • Seasonal Patterns: False
2025-06-13 02:25:18,886 - IntegratedPipeline - INFO - 
🧬 OPTIMIZATION PARAMETERS:
2025-06-13 02:25:18,886 - IntegratedPipeline - INFO -   • Optimization Period: 1 days
2025-06-13 02:25:18,886 - IntegratedPipeline - INFO -   • Generations: 30
2025-06-13 02:25:18,886 - IntegratedPipeline - INFO -   • Population Size: 30
2025-06-13 02:25:18,886 - IntegratedPipeline - INFO -   • Mutation Rate: 0.12
2025-06-13 02:25:18,886 - IntegratedPipeline - INFO -   • Crossover Rate: 0.75
2025-06-13 02:25:18,886 - IntegratedPipeline - INFO -   • Elite Solutions: 3
2025-06-13 02:25:18,886 - IntegratedPipeline - INFO -   • Tournament Size: 3
2025-06-13 02:25:18,886 - IntegratedPipeline - INFO - 
🔮 PREDICTION PARAMETERS:
2025-06-13 02:25:18,886 - IntegratedPipeline - INFO -   • Prediction Period: 1 days
2025-06-13 02:25:18,886 - IntegratedPipeline - INFO -   • Prediction Horizon: 24 hours
2025-06-13 02:25:18,886 - IntegratedPipeline - INFO -   • LSTM Architecture: [64, 32]
2025-06-13 02:25:18,886 - IntegratedPipeline - INFO -   • LSTM Epochs: 50
2025-06-13 02:25:18,886 - IntegratedPipeline - INFO -   • Sequence Length: 72 hours
2025-06-13 02:25:18,886 - IntegratedPipeline - INFO -   • Prophet Seasonality: additive
2025-06-13 02:25:18,886 - IntegratedPipeline - INFO -   • Yearly Seasonality: False
2025-06-13 02:25:18,886 - IntegratedPipeline - INFO - 
📊 EVALUATION PARAMETERS:
2025-06-13 02:25:18,886 - IntegratedPipeline - INFO -   • Statistical Tests: ['t_test']
2025-06-13 02:25:18,886 - IntegratedPipeline - INFO -   • Confidence Level: 0.9
2025-06-13 02:25:18,886 - IntegratedPipeline - INFO -   • Bootstrap Samples: 1,000
2025-06-13 02:25:18,886 - IntegratedPipeline - INFO -   • Visualization Detail: medium
2025-06-13 02:25:18,886 - IntegratedPipeline - INFO -   • Constraint Validation: standard
2025-06-13 02:25:18,886 - IntegratedPipeline - INFO - 
⏱️  PERFORMANCE EXPECTATIONS:
2025-06-13 02:25:18,886 - IntegratedPipeline - INFO -   • Execution Time: 15-45 minutes
2025-06-13 02:25:18,886 - IntegratedPipeline - INFO -   • Memory Usage: 2-4 GB RAM
2025-06-13 02:25:18,886 - IntegratedPipeline - INFO -   • Disk Space: ~500 MB for results
2025-06-13 02:25:18,886 - IntegratedPipeline - INFO -   • Accuracy: High (suitable for testing/validation)
2025-06-13 02:25:18,886 - IntegratedPipeline - INFO -   • Simulation Records: ~95,000 passenger flows
2025-06-13 02:25:18,886 - IntegratedPipeline - INFO - ================================================================================
2025-06-13 02:25:18,886 - IntegratedPipeline - INFO - ================================================================================
2025-06-13 02:25:18,886 - IntegratedPipeline - INFO - STEP 1: RUNNING BUS SIMULATION PIPELINE
2025-06-13 02:25:18,886 - IntegratedPipeline - INFO - ================================================================================
2025-06-13 02:25:19,289 - numexpr.utils - INFO - NumExpr defaulting to 8 threads.
2025-06-13 02:25:19,469 - IntegratedPipeline - INFO - Initializing simulation with parameters:
2025-06-13 02:25:19,469 - IntegratedPipeline - INFO -   - Period: 2025-06-01 to 2025-06-07
2025-06-13 02:25:19,469 - IntegratedPipeline - INFO -   - Time step: 15 minutes
2025-06-13 02:25:19,469 - IntegratedPipeline - INFO -   - Buses per line: 6
2025-06-13 02:25:19,469 - IntegratedPipeline - INFO - Loading bus stops data...
2025-06-13 02:25:19,486 - IntegratedPipeline - INFO - Setting up simulation...
2025-06-13 02:25:19,608 - IntegratedPipeline - INFO - Starting simulation execution...
2025-06-13 02:26:33,840 - IntegratedPipeline - INFO - Saved 61,019 passenger flow records
2025-06-13 02:26:33,915 - IntegratedPipeline - INFO - Saved 24,025 bus position records
2025-06-13 02:26:33,915 - IntegratedPipeline - INFO - ✅ Simulation pipeline completed successfully
2025-06-13 02:26:33,926 - IntegratedPipeline - INFO - ================================================================================
2025-06-13 02:26:33,926 - IntegratedPipeline - INFO - STEP 2: RUNNING BUS OPTIMIZATION PIPELINE
2025-06-13 02:26:33,926 - IntegratedPipeline - INFO - ================================================================================
2025-06-13 02:26:35,284 - IntegratedPipeline - INFO - Initializing optimization with parameters:
2025-06-13 02:26:35,284 - IntegratedPipeline - INFO -   - Generations: 30
2025-06-13 02:26:35,284 - IntegratedPipeline - INFO -   - Population size: 30
2025-06-13 02:26:35,284 - IntegratedPipeline - INFO -   - Mutation rate: 0.12
2025-06-13 02:26:35,284 - IntegratedPipeline - INFO -   - Crossover rate: 0.75
2025-06-13 02:26:35,341 - IntegratedPipeline - ERROR - ❌ Optimization pipeline failed: GeneticScheduleOptimizer.__init__() got an unexpected keyword argument 'passenger_data'
2025-06-13 02:26:35,344 - IntegratedPipeline - ERROR - Traceback: Traceback (most recent call last):
  File "/Users/umutulasbalci/Desktop/Python/Senior Project/schedule_optimization_project/main_pipeline/integrated_pipeline.py", line 511, in run_optimization_pipeline
    optimizer = GeneticScheduleOptimizer(
                ^^^^^^^^^^^^^^^^^^^^^^^^^
TypeError: GeneticScheduleOptimizer.__init__() got an unexpected keyword argument 'passenger_data'

2025-06-13 02:26:35,345 - IntegratedPipeline - INFO - ================================================================================
2025-06-13 02:26:35,345 - IntegratedPipeline - INFO - ❌ PIPELINE FAILED!
2025-06-13 02:26:35,345 - IntegratedPipeline - INFO - Total duration: 0:01:16.459834
2025-06-13 02:26:35,345 - IntegratedPipeline - INFO - Output directory: /Users/umutulasbalci/Desktop/Python/Senior Project/schedule_optimization_project/outputs/pipeline_run_quick_20250613_022518
2025-06-13 02:26:35,345 - IntegratedPipeline - INFO - ================================================================================
